<?xml version="1.0" encoding="UTF-8"?>
<!-- Generated by org.testng.reporters.JUnitXMLReporter -->
<testsuite ignored="0" hostname="SarthakThinkpad" failures="1" tests="4" name="Batch Running Test" time="34.714" errors="0" timestamp="08 Apr 2023 15:33:26 GMT">
  <testcase classname="com.testngcode_8thApr_2023.RediffLoginTest" name="rediffLogin" time="11.969"/>
  <testcase classname="com.testngcode_8thApr_2023.TutorialsNinjaRegisterTest" name="rediffLogin" time="6.61"/>
  <testcase classname="com.testngcode_8thApr_2023.TutorialsNinjaLoginTest" name="rediffLogin" time="6.184"/>
  <testcase classname="com.testngcode_8thApr_2023.RediffCreateAccountTest" name="rediffLogin" time="9.284">
    <failure type="java.lang.AssertionError" message="The following asserts failed:
	expected [true] but found [false]">
      <![CDATA[java.lang.AssertionError: The following asserts failed:
expected [true] but found [false]
at com.testngcode_8thApr_2023.RediffCreateAccountTest.rediffLogin(RediffCreateAccountTest.java:56)
... Removed 26 stack frames]]>
    </failure>
  </testcase> <!-- rediffLogin -->
</testsuite> <!-- Batch Running Test -->
